
> web-app@0.1.0 dev
> next dev

  ▲ Next.js 14.2.13
  - Local:        http://localhost:3000

 ✓ Starting...
Attention: Next.js now collects completely anonymous telemetry regarding usage.
This information is used to shape Next.js' roadmap and prioritize features.
You can learn more, including how to opt-out if you'd not like to participate in this anonymous program, by visiting the following URL:
https://nextjs.org/telemetry

 ✓ Ready in 1729ms
 ○ Compiling /login ...
 ✓ Compiled /login in 5.1s (503 modules)
 ○ Compiling /login ...
 ✓ Compiled /login in 6.7s (777 modules)
 HEAD /login 200 in 6876ms
 GET /login 200 in 14ms
 ✓ Compiled /favicon.ico in 242ms (381 modules)
 GET /favicon.ico 200 in 418ms
 ✓ Compiled /api/login in 452ms (401 modules)
 POST /api/login 307 in 679ms
 ✓ Compiled /app in 183ms (402 modules)
 ○ Compiling /app ...
 ✓ Compiled /app in 1157ms (927 modules)
 POST /app 200 in 1266ms
API resolved without sending a response for /api/login, this may result in stalled requests.
 POST /api/login 307 in 9ms
 POST /app 200 in 12ms
 GET /favicon.ico 200 in 73ms
 GET /login 200 in 14ms
 GET /favicon.ico 200 in 13ms
API resolved without sending a response for /api/login, this may result in stalled requests.
 POST /api/login 307 in 6ms
 POST /app 200 in 11ms
 GET /favicon.ico 200 in 15ms
 GET /login 200 in 25ms
 GET /favicon.ico 200 in 18ms
API resolved without sending a response for /api/login, this may result in stalled requests.
 POST /api/login 307 in 8ms
 POST /app 200 in 13ms
 GET /favicon.ico 200 in 9ms
Killed
